<?xml version="1.0" encoding="UTF-8"?>
<!-- Generated by org.testng.reporters.JUnitReportReporter -->
<testsuite hostname="MacBook-Air-Eduard.local" failures="0" tests="1" name="CalculatorTestNGTest" time="0.005" errors="0" timestamp="2021-07-04T14:31:02 MSK" skipped="0">
  <testcase classname="CalculatorTestNGTest" name="justTest" time="0.005"/>
  <system-out/>
</testsuite> <!-- CalculatorTestNGTest -->
