<?xml version="1.0" encoding="UTF-8"?>
<!-- Generated by org.testng.reporters.JUnitReportReporter -->
<testsuite hostname="MacBook-Air-Eduard.local" failures="0" tests="19" name="CalculatorTestNG" time="0.081" errors="0" timestamp="2021-07-05T23:20:12 MSK" skipped="0">
  <testcase classname="CalculatorTestNG" name="testDivide" time="0.007"/>
  <system-out/>
  <testcase classname="CalculatorTestNG" name="testSum" time="0.001"/>
  <system-out/>
  <testcase classname="CalculatorTestNG" name="testMultiply" time="0.001"/>
  <system-out/>
  <testcase classname="CalculatorTestNG" name="testMinus" time="0.003"/>
  <system-out/>
  <testcase classname="CalculatorTestNG" name="testMinus" time="0.000"/>
  <system-out/>
  <testcase classname="CalculatorTestNG" name="testMultiply" time="0.012"/>
  <system-out/>
  <testcase classname="CalculatorTestNG" name="testDivide" time="0.006"/>
  <system-out/>
  <testcase classname="CalculatorTestNG" name="testMinus" time="0.000"/>
  <system-out/>
  <testcase classname="CalculatorTestNG" name="testDivide" time="0.001"/>
  <system-out/>
  <testcase classname="CalculatorTestNG" name="testMinus" time="0.017"/>
  <system-out/>
  <testcase classname="CalculatorTestNG" name="testMinus" time="0.001"/>
  <system-out/>
  <testcase classname="CalculatorTestNG" name="testMinus" time="0.006"/>
  <system-out/>
  <testcase classname="CalculatorTestNG" name="testDivide" time="0.001"/>
  <system-out/>
  <testcase classname="CalculatorTestNG" name="testMinus" time="0.000"/>
  <system-out/>
  <testcase classname="CalculatorTestNG" name="testMinus" time="0.006"/>
  <system-out/>
  <testcase classname="CalculatorTestNG" name="testMinus" time="0.001"/>
  <system-out/>
  <testcase classname="CalculatorTestNG" name="testMultiply" time="0.002"/>
  <system-out/>
  <testcase classname="CalculatorTestNG" name="testMinus" time="0.015"/>
  <system-out/>
  <testcase classname="CalculatorTestNG" name="testMultiply" time="0.001"/>
  <system-out/>
</testsuite> <!-- CalculatorTestNG -->
